{"C:\\Users\\Itai\\Desktop\\Programming\\NCTRC\\NCTRC\\frontend\\App.tsx": {"path":"C:\\Users\\Itai\\Desktop\\Programming\\NCTRC\\NCTRC\\frontend\\App.tsx","statementMap":{"0":{"start":{"line":7,"column":4},"end":{"line":11,"column":6}}},"fnMap":{"0":{"name":"App","decl":{"start":{"line":6,"column":9},"end":{"line":6,"column":12}},"loc":{"start":{"line":6,"column":15},"end":{"line":12,"column":1}},"line":6}},"branchMap":{},"s":{"0":1},"f":{"0":1},"b":{},"_coverageSchema":"1a1c01bbd47fc00a2c39e90264f33305004495a9","hash":"7e0dd3adf9666868907a5780e6f472b1f2d162fd"}
,"C:\\Users\\Itai\\Desktop\\Programming\\NCTRC\\NCTRC\\frontend\\index.tsx": {"path":"C:\\Users\\Itai\\Desktop\\Programming\\NCTRC\\NCTRC\\frontend\\index.tsx","statementMap":{"0":{"start":{"line":44,"column":18},"end":{"line":44,"column":60}},"1":{"start":{"line":45,"column":51},"end":{"line":61,"column":1}},"2":{"start":{"line":46,"column":4},"end":{"line":60,"column":6}}},"fnMap":{"0":{"name":"(anonymous_0)","decl":{"start":{"line":45,"column":51},"end":{"line":45,"column":52}},"loc":{"start":{"line":45,"column":57},"end":{"line":61,"column":1}},"line":45}},"branchMap":{},"s":{"0":8,"1":8,"2":2},"f":{"0":2},"b":{},"_coverageSchema":"1a1c01bbd47fc00a2c39e90264f33305004495a9","hash":"596f3ca016a137307caaf2625faeba4530484f3f"}
,"C:\\Users\\Itai\\Desktop\\Programming\\NCTRC\\NCTRC\\frontend\\assets\\NCTRClogo.png": {"path":"C:\\Users\\Itai\\Desktop\\Programming\\NCTRC\\NCTRC\\frontend\\assets\\NCTRClogo.png","statementMap":{"0":{"start":{"line":1,"column":0},"end":{"line":4,"column":6}}},"fnMap":{},"branchMap":{},"s":{"0":8},"f":{},"b":{},"inputSourceMap":null,"_coverageSchema":"1a1c01bbd47fc00a2c39e90264f33305004495a9","hash":"1aa99f220403a1cdbc7035e967e758b0979abc1a"}
,"C:\\Users\\Itai\\Desktop\\Programming\\NCTRC\\NCTRC\\frontend\\assets\\backbutton.png": {"path":"C:\\Users\\Itai\\Desktop\\Programming\\NCTRC\\NCTRC\\frontend\\assets\\backbutton.png","statementMap":{"0":{"start":{"line":1,"column":0},"end":{"line":4,"column":6}}},"fnMap":{},"branchMap":{},"s":{"0":6},"f":{},"b":{},"inputSourceMap":null,"_coverageSchema":"1a1c01bbd47fc00a2c39e90264f33305004495a9","hash":"33be3deae51bd57536397b92b6c3f21941693489"}
,"C:\\Users\\Itai\\Desktop\\Programming\\NCTRC\\NCTRC\\frontend\\handler\\handlers.tsx": {"path":"C:\\Users\\Itai\\Desktop\\Programming\\NCTRC\\NCTRC\\frontend\\handler\\handlers.tsx","statementMap":{"0":{"start":{"line":10,"column":31},"end":{"line":28,"column":1}},"1":{"start":{"line":13,"column":19},"end":{"line":17,"column":4}},"2":{"start":{"line":18,"column":2},"end":{"line":20,"column":3}},"3":{"start":{"line":19,"column":4},"end":{"line":19,"column":41}},"4":{"start":{"line":21,"column":2},"end":{"line":27,"column":3}},"5":{"start":{"line":22,"column":60},"end":{"line":22,"column":81}},"6":{"start":{"line":23,"column":4},"end":{"line":23,"column":36}},"7":{"start":{"line":25,"column":4},"end":{"line":25,"column":23}},"8":{"start":{"line":26,"column":4},"end":{"line":26,"column":17}},"9":{"start":{"line":31,"column":35},"end":{"line":37,"column":1}},"10":{"start":{"line":34,"column":14},"end":{"line":34,"column":50}},"11":{"start":{"line":35,"column":17},"end":{"line":35,"column":23}},"12":{"start":{"line":36,"column":2},"end":{"line":36,"column":78}},"13":{"start":{"line":40,"column":26},"end":{"line":46,"column":1}},"14":{"start":{"line":43,"column":14},"end":{"line":43,"column":50}},"15":{"start":{"line":44,"column":17},"end":{"line":44,"column":23}},"16":{"start":{"line":45,"column":2},"end":{"line":45,"column":77}},"17":{"start":{"line":49,"column":27},"end":{"line":56,"column":1}},"18":{"start":{"line":52,"column":14},"end":{"line":52,"column":51}},"19":{"start":{"line":53,"column":17},"end":{"line":53,"column":23}},"20":{"start":{"line":54,"column":2},"end":{"line":54,"column":75}},"21":{"start":{"line":59,"column":26},"end":{"line":65,"column":1}},"22":{"start":{"line":62,"column":14},"end":{"line":62,"column":50}},"23":{"start":{"line":63,"column":17},"end":{"line":63,"column":25}},"24":{"start":{"line":64,"column":2},"end":{"line":64,"column":75}},"25":{"start":{"line":67,"column":33},"end":{"line":73,"column":1}},"26":{"start":{"line":70,"column":14},"end":{"line":70,"column":53}},"27":{"start":{"line":71,"column":17},"end":{"line":71,"column":23}},"28":{"start":{"line":72,"column":2},"end":{"line":72,"column":88}},"29":{"start":{"line":75,"column":20},"end":{"line":86,"column":1}},"30":{"start":{"line":76,"column":17},"end":{"line":80,"column":4}},"31":{"start":{"line":81,"column":2},"end":{"line":85,"column":3}},"32":{"start":{"line":82,"column":4},"end":{"line":82,"column":25}},"33":{"start":{"line":84,"column":4},"end":{"line":84,"column":31}}},"fnMap":{"0":{"name":"(anonymous_0)","decl":{"start":{"line":10,"column":31},"end":{"line":10,"column":32}},"loc":{"start":{"line":12,"column":23},"end":{"line":28,"column":1}},"line":12},"1":{"name":"(anonymous_1)","decl":{"start":{"line":31,"column":35},"end":{"line":31,"column":36}},"loc":{"start":{"line":33,"column":56},"end":{"line":37,"column":1}},"line":33},"2":{"name":"(anonymous_2)","decl":{"start":{"line":40,"column":26},"end":{"line":40,"column":27}},"loc":{"start":{"line":42,"column":56},"end":{"line":46,"column":1}},"line":42},"3":{"name":"(anonymous_3)","decl":{"start":{"line":49,"column":27},"end":{"line":49,"column":28}},"loc":{"start":{"line":51,"column":56},"end":{"line":56,"column":1}},"line":51},"4":{"name":"(anonymous_4)","decl":{"start":{"line":59,"column":26},"end":{"line":59,"column":27}},"loc":{"start":{"line":61,"column":56},"end":{"line":65,"column":1}},"line":61},"5":{"name":"(anonymous_5)","decl":{"start":{"line":67,"column":33},"end":{"line":67,"column":34}},"loc":{"start":{"line":69,"column":56},"end":{"line":73,"column":1}},"line":69},"6":{"name":"(anonymous_6)","decl":{"start":{"line":75,"column":20},"end":{"line":75,"column":21}},"loc":{"start":{"line":75,"column":125},"end":{"line":86,"column":1}},"line":75}},"branchMap":{"0":{"loc":{"start":{"line":18,"column":2},"end":{"line":20,"column":3}},"type":"if","locations":[{"start":{"line":18,"column":2},"end":{"line":20,"column":3}},{"start":{"line":18,"column":2},"end":{"line":20,"column":3}}],"line":18},"1":{"loc":{"start":{"line":23,"column":11},"end":{"line":23,"column":35}},"type":"binary-expr","locations":[{"start":{"line":23,"column":11},"end":{"line":23,"column":26}},{"start":{"line":23,"column":30},"end":{"line":23,"column":35}}],"line":23},"2":{"loc":{"start":{"line":81,"column":2},"end":{"line":85,"column":3}},"type":"if","locations":[{"start":{"line":81,"column":2},"end":{"line":85,"column":3}},{"start":{"line":81,"column":2},"end":{"line":85,"column":3}}],"line":81},"3":{"loc":{"start":{"line":81,"column":5},"end":{"line":81,"column":48}},"type":"binary-expr","locations":[{"start":{"line":81,"column":5},"end":{"line":81,"column":25}},{"start":{"line":81,"column":29},"end":{"line":81,"column":48}}],"line":81}},"s":{"0":9,"1":13,"2":13,"3":0,"4":13,"5":13,"6":13,"7":0,"8":0,"9":9,"10":5,"11":5,"12":5,"13":9,"14":1,"15":1,"16":1,"17":9,"18":3,"19":3,"20":3,"21":9,"22":9,"23":9,"24":9,"25":9,"26":4,"27":4,"28":4,"29":9,"30":22,"31":22,"32":15,"33":7},"f":{"0":13,"1":5,"2":1,"3":3,"4":9,"5":4,"6":22},"b":{"0":[0,13],"1":[13,8],"2":[15,7],"3":[22,22]},"_coverageSchema":"1a1c01bbd47fc00a2c39e90264f33305004495a9","hash":"e1015a787fc42b1c4d947b948186eff11a266f78"}
,"C:\\Users\\Itai\\Desktop\\Programming\\NCTRC\\NCTRC\\frontend\\screens\\AdminPasswordScreen.tsx": {"path":"C:\\Users\\Itai\\Desktop\\Programming\\NCTRC\\NCTRC\\frontend\\screens\\AdminPasswordScreen.tsx","statementMap":{"0":{"start":{"line":11,"column":75},"end":{"line":28,"column":1}},"1":{"start":{"line":12,"column":27},"end":{"line":12,"column":32}},"2":{"start":{"line":14,"column":4},"end":{"line":27,"column":6}},"3":{"start":{"line":16,"column":67},"end":{"line":16,"column":83}},"4":{"start":{"line":19,"column":65},"end":{"line":19,"column":86}},"5":{"start":{"line":24,"column":69},"end":{"line":24,"column":112}}},"fnMap":{"0":{"name":"(anonymous_0)","decl":{"start":{"line":11,"column":75},"end":{"line":11,"column":76}},"loc":{"start":{"line":11,"column":86},"end":{"line":28,"column":1}},"line":11},"1":{"name":"(anonymous_1)","decl":{"start":{"line":16,"column":61},"end":{"line":16,"column":62}},"loc":{"start":{"line":16,"column":67},"end":{"line":16,"column":83}},"line":16},"2":{"name":"(anonymous_2)","decl":{"start":{"line":19,"column":59},"end":{"line":19,"column":60}},"loc":{"start":{"line":19,"column":65},"end":{"line":19,"column":86}},"line":19},"3":{"name":"(anonymous_3)","decl":{"start":{"line":24,"column":63},"end":{"line":24,"column":64}},"loc":{"start":{"line":24,"column":69},"end":{"line":24,"column":112}},"line":24}},"branchMap":{},"s":{"0":8,"1":2,"2":2,"3":0,"4":0,"5":0},"f":{"0":2,"1":0,"2":0,"3":0},"b":{},"_coverageSchema":"1a1c01bbd47fc00a2c39e90264f33305004495a9","hash":"3f8d79dd1b43f03c7ac927aca2b5b15f95ee41cb"}
,"C:\\Users\\Itai\\Desktop\\Programming\\NCTRC\\NCTRC\\frontend\\screens\\AdminPortalScreen.tsx": {"path":"C:\\Users\\Itai\\Desktop\\Programming\\NCTRC\\NCTRC\\frontend\\screens\\AdminPortalScreen.tsx","statementMap":{"0":{"start":{"line":14,"column":75},"end":{"line":63,"column":1}},"1":{"start":{"line":15,"column":27},"end":{"line":15,"column":32}},"2":{"start":{"line":16,"column":4},"end":{"line":62,"column":6}},"3":{"start":{"line":18,"column":71},"end":{"line":18,"column":87}},"4":{"start":{"line":21,"column":69},"end":{"line":21,"column":90}}},"fnMap":{"0":{"name":"(anonymous_0)","decl":{"start":{"line":14,"column":75},"end":{"line":14,"column":76}},"loc":{"start":{"line":14,"column":86},"end":{"line":63,"column":1}},"line":14},"1":{"name":"(anonymous_1)","decl":{"start":{"line":18,"column":65},"end":{"line":18,"column":66}},"loc":{"start":{"line":18,"column":71},"end":{"line":18,"column":87}},"line":18},"2":{"name":"(anonymous_2)","decl":{"start":{"line":21,"column":63},"end":{"line":21,"column":64}},"loc":{"start":{"line":21,"column":69},"end":{"line":21,"column":90}},"line":21}},"branchMap":{},"s":{"0":8,"1":2,"2":2,"3":0,"4":0},"f":{"0":2,"1":0,"2":0},"b":{},"_coverageSchema":"1a1c01bbd47fc00a2c39e90264f33305004495a9","hash":"dbd71a4a2f8c0ead427a249492c739f585d506a1"}
,"C:\\Users\\Itai\\Desktop\\Programming\\NCTRC\\NCTRC\\frontend\\screens\\COVIDErrorScreen.tsx": {"path":"C:\\Users\\Itai\\Desktop\\Programming\\NCTRC\\NCTRC\\frontend\\screens\\COVIDErrorScreen.tsx","statementMap":{"0":{"start":{"line":17,"column":73},"end":{"line":41,"column":1}},"1":{"start":{"line":18,"column":32},"end":{"line":18,"column":37}},"2":{"start":{"line":19,"column":21},"end":{"line":19,"column":26}},"3":{"start":{"line":20,"column":21},"end":{"line":20,"column":27}},"4":{"start":{"line":21,"column":4},"end":{"line":40,"column":6}},"5":{"start":{"line":23,"column":71},"end":{"line":23,"column":87}},"6":{"start":{"line":26,"column":69},"end":{"line":26,"column":90}},"7":{"start":{"line":32,"column":75},"end":{"line":32,"column":96}}},"fnMap":{"0":{"name":"(anonymous_0)","decl":{"start":{"line":17,"column":73},"end":{"line":17,"column":74}},"loc":{"start":{"line":17,"column":84},"end":{"line":41,"column":1}},"line":17},"1":{"name":"(anonymous_1)","decl":{"start":{"line":23,"column":65},"end":{"line":23,"column":66}},"loc":{"start":{"line":23,"column":71},"end":{"line":23,"column":87}},"line":23},"2":{"name":"(anonymous_2)","decl":{"start":{"line":26,"column":63},"end":{"line":26,"column":64}},"loc":{"start":{"line":26,"column":69},"end":{"line":26,"column":90}},"line":26},"3":{"name":"(anonymous_3)","decl":{"start":{"line":32,"column":69},"end":{"line":32,"column":70}},"loc":{"start":{"line":32,"column":75},"end":{"line":32,"column":96}},"line":32}},"branchMap":{},"s":{"0":8,"1":2,"2":2,"3":2,"4":2,"5":0,"6":0,"7":0},"f":{"0":2,"1":0,"2":0,"3":0},"b":{},"_coverageSchema":"1a1c01bbd47fc00a2c39e90264f33305004495a9","hash":"c04fbe11bdd4fe1eb2801d19d8482f6986cecf27"}
,"C:\\Users\\Itai\\Desktop\\Programming\\NCTRC\\NCTRC\\frontend\\screens\\CheckOutLandingScreen.tsx": {"path":"C:\\Users\\Itai\\Desktop\\Programming\\NCTRC\\NCTRC\\frontend\\screens\\CheckOutLandingScreen.tsx","statementMap":{"0":{"start":{"line":13,"column":83},"end":{"line":36,"column":1}},"1":{"start":{"line":14,"column":26},"end":{"line":14,"column":31}},"2":{"start":{"line":16,"column":4},"end":{"line":35,"column":6}},"3":{"start":{"line":18,"column":67},"end":{"line":18,"column":83}},"4":{"start":{"line":21,"column":65},"end":{"line":21,"column":86}},"5":{"start":{"line":27,"column":75},"end":{"line":27,"column":96}}},"fnMap":{"0":{"name":"(anonymous_0)","decl":{"start":{"line":13,"column":83},"end":{"line":13,"column":84}},"loc":{"start":{"line":13,"column":94},"end":{"line":36,"column":1}},"line":13},"1":{"name":"(anonymous_1)","decl":{"start":{"line":18,"column":61},"end":{"line":18,"column":62}},"loc":{"start":{"line":18,"column":67},"end":{"line":18,"column":83}},"line":18},"2":{"name":"(anonymous_2)","decl":{"start":{"line":21,"column":59},"end":{"line":21,"column":60}},"loc":{"start":{"line":21,"column":65},"end":{"line":21,"column":86}},"line":21},"3":{"name":"(anonymous_3)","decl":{"start":{"line":27,"column":69},"end":{"line":27,"column":70}},"loc":{"start":{"line":27,"column":75},"end":{"line":27,"column":96}},"line":27}},"branchMap":{},"s":{"0":8,"1":2,"2":2,"3":0,"4":0,"5":0},"f":{"0":2,"1":0,"2":0,"3":0},"b":{},"_coverageSchema":"1a1c01bbd47fc00a2c39e90264f33305004495a9","hash":"c123a350bdf2154d91befec57324b1a74c92164d"}
,"C:\\Users\\Itai\\Desktop\\Programming\\NCTRC\\NCTRC\\frontend\\screens\\CheckOutScreen.tsx": {"path":"C:\\Users\\Itai\\Desktop\\Programming\\NCTRC\\NCTRC\\frontend\\screens\\CheckOutScreen.tsx","statementMap":{"0":{"start":{"line":14,"column":69},"end":{"line":46,"column":1}},"1":{"start":{"line":15,"column":25},"end":{"line":15,"column":30}},"2":{"start":{"line":16,"column":36},"end":{"line":16,"column":48}},"3":{"start":{"line":17,"column":34},"end":{"line":17,"column":46}},"4":{"start":{"line":18,"column":28},"end":{"line":18,"column":40}},"5":{"start":{"line":19,"column":4},"end":{"line":45,"column":6}},"6":{"start":{"line":21,"column":67},"end":{"line":21,"column":83}},"7":{"start":{"line":24,"column":65},"end":{"line":24,"column":86}},"8":{"start":{"line":28,"column":95},"end":{"line":28,"column":113}},"9":{"start":{"line":29,"column":94},"end":{"line":29,"column":111}},"10":{"start":{"line":30,"column":91},"end":{"line":30,"column":105}},"11":{"start":{"line":32,"column":74},"end":{"line":36,"column":23}},"12":{"start":{"line":37,"column":20},"end":{"line":37,"column":38}},"13":{"start":{"line":38,"column":20},"end":{"line":38,"column":68}}},"fnMap":{"0":{"name":"(anonymous_0)","decl":{"start":{"line":14,"column":69},"end":{"line":14,"column":70}},"loc":{"start":{"line":14,"column":80},"end":{"line":46,"column":1}},"line":14},"1":{"name":"(anonymous_1)","decl":{"start":{"line":21,"column":61},"end":{"line":21,"column":62}},"loc":{"start":{"line":21,"column":67},"end":{"line":21,"column":83}},"line":21},"2":{"name":"(anonymous_2)","decl":{"start":{"line":24,"column":59},"end":{"line":24,"column":60}},"loc":{"start":{"line":24,"column":65},"end":{"line":24,"column":86}},"line":24},"3":{"name":"(anonymous_3)","decl":{"start":{"line":28,"column":85},"end":{"line":28,"column":86}},"loc":{"start":{"line":28,"column":95},"end":{"line":28,"column":113}},"line":28},"4":{"name":"(anonymous_4)","decl":{"start":{"line":29,"column":84},"end":{"line":29,"column":85}},"loc":{"start":{"line":29,"column":94},"end":{"line":29,"column":111}},"line":29},"5":{"name":"(anonymous_5)","decl":{"start":{"line":30,"column":81},"end":{"line":30,"column":82}},"loc":{"start":{"line":30,"column":91},"end":{"line":30,"column":105}},"line":30},"6":{"name":"(anonymous_6)","decl":{"start":{"line":31,"column":69},"end":{"line":31,"column":70}},"loc":{"start":{"line":31,"column":75},"end":{"line":39,"column":17}},"line":31}},"branchMap":{},"s":{"0":8,"1":2,"2":2,"3":2,"4":2,"5":2,"6":0,"7":0,"8":0,"9":0,"10":0,"11":0,"12":0,"13":0},"f":{"0":2,"1":0,"2":0,"3":0,"4":0,"5":0,"6":0},"b":{},"_coverageSchema":"1a1c01bbd47fc00a2c39e90264f33305004495a9","hash":"bb555ff08641102a834badbdb43c6c430af3487e"}
,"C:\\Users\\Itai\\Desktop\\Programming\\NCTRC\\NCTRC\\frontend\\screens\\CovidInformationScreen.tsx": {"path":"C:\\Users\\Itai\\Desktop\\Programming\\NCTRC\\NCTRC\\frontend\\screens\\CovidInformationScreen.tsx","statementMap":{"0":{"start":{"line":23,"column":85},"end":{"line":170,"column":1}},"1":{"start":{"line":24,"column":32},"end":{"line":24,"column":37}},"2":{"start":{"line":25,"column":21},"end":{"line":25,"column":26}},"3":{"start":{"line":26,"column":41},"end":{"line":26,"column":47}},"4":{"start":{"line":27,"column":34},"end":{"line":27,"column":52}},"5":{"start":{"line":28,"column":34},"end":{"line":28,"column":46}},"6":{"start":{"line":29,"column":34},"end":{"line":29,"column":52}},"7":{"start":{"line":30,"column":38},"end":{"line":30,"column":56}},"8":{"start":{"line":31,"column":36},"end":{"line":31,"column":54}},"9":{"start":{"line":32,"column":40},"end":{"line":32,"column":57}},"10":{"start":{"line":33,"column":22},"end":{"line":33,"column":24}},"11":{"start":{"line":35,"column":4},"end":{"line":169,"column":6}},"12":{"start":{"line":37,"column":67},"end":{"line":37,"column":83}},"13":{"start":{"line":40,"column":65},"end":{"line":40,"column":86}},"14":{"start":{"line":54,"column":59},"end":{"line":54,"column":77}},"15":{"start":{"line":65,"column":59},"end":{"line":65,"column":77}},"16":{"start":{"line":75,"column":59},"end":{"line":75,"column":79}},"17":{"start":{"line":84,"column":59},"end":{"line":84,"column":78}},"18":{"start":{"line":93,"column":78},"end":{"line":93,"column":108}},"19":{"start":{"line":95,"column":76},"end":{"line":95,"column":93}},"20":{"start":{"line":99,"column":86},"end":{"line":103,"column":25}},"21":{"start":{"line":105,"column":24},"end":{"line":113,"column":25}},"22":{"start":{"line":106,"column":28},"end":{"line":106,"column":73}},"23":{"start":{"line":107,"column":31},"end":{"line":113,"column":25}},"24":{"start":{"line":108,"column":28},"end":{"line":108,"column":100}},"25":{"start":{"line":109,"column":31},"end":{"line":113,"column":25}},"26":{"start":{"line":110,"column":28},"end":{"line":110,"column":81}},"27":{"start":{"line":111,"column":31},"end":{"line":113,"column":25}},"28":{"start":{"line":112,"column":28},"end":{"line":112,"column":75}},"29":{"start":{"line":115,"column":24},"end":{"line":161,"column":24}},"30":{"start":{"line":116,"column":28},"end":{"line":116,"column":53}},"31":{"start":{"line":117,"column":93},"end":{"line":120,"column":29}},"32":{"start":{"line":121,"column":28},"end":{"line":121,"column":52}},"33":{"start":{"line":122,"column":28},"end":{"line":124,"column":31}},"34":{"start":{"line":125,"column":31},"end":{"line":161,"column":24}},"35":{"start":{"line":126,"column":91},"end":{"line":129,"column":29}},"36":{"start":{"line":130,"column":28},"end":{"line":130,"column":50}},"37":{"start":{"line":131,"column":28},"end":{"line":133,"column":31}},"38":{"start":{"line":135,"column":28},"end":{"line":159,"column":29}},"39":{"start":{"line":137,"column":36},"end":{"line":157,"column":37}},"40":{"start":{"line":138,"column":105},"end":{"line":141,"column":43}},"41":{"start":{"line":142,"column":42},"end":{"line":153,"column":43}},"42":{"start":{"line":144,"column":50},"end":{"line":144,"column":72}},"43":{"start":{"line":145,"column":50},"end":{"line":151,"column":51}},"44":{"start":{"line":146,"column":52},"end":{"line":146,"column":98}},"45":{"start":{"line":147,"column":57},"end":{"line":151,"column":51}},"46":{"start":{"line":148,"column":52},"end":{"line":148,"column":153}},"47":{"start":{"line":150,"column":52},"end":{"line":150,"column":152}},"48":{"start":{"line":156,"column":40},"end":{"line":156,"column":158}}},"fnMap":{"0":{"name":"(anonymous_0)","decl":{"start":{"line":23,"column":85},"end":{"line":23,"column":86}},"loc":{"start":{"line":23,"column":96},"end":{"line":170,"column":1}},"line":23},"1":{"name":"(anonymous_1)","decl":{"start":{"line":37,"column":61},"end":{"line":37,"column":62}},"loc":{"start":{"line":37,"column":67},"end":{"line":37,"column":83}},"line":37},"2":{"name":"(anonymous_2)","decl":{"start":{"line":40,"column":59},"end":{"line":40,"column":60}},"loc":{"start":{"line":40,"column":65},"end":{"line":40,"column":86}},"line":40},"3":{"name":"(anonymous_3)","decl":{"start":{"line":54,"column":50},"end":{"line":54,"column":51}},"loc":{"start":{"line":54,"column":59},"end":{"line":54,"column":77}},"line":54},"4":{"name":"(anonymous_4)","decl":{"start":{"line":65,"column":50},"end":{"line":65,"column":51}},"loc":{"start":{"line":65,"column":59},"end":{"line":65,"column":77}},"line":65},"5":{"name":"(anonymous_5)","decl":{"start":{"line":75,"column":50},"end":{"line":75,"column":51}},"loc":{"start":{"line":75,"column":59},"end":{"line":75,"column":79}},"line":75},"6":{"name":"(anonymous_6)","decl":{"start":{"line":84,"column":50},"end":{"line":84,"column":51}},"loc":{"start":{"line":84,"column":59},"end":{"line":84,"column":78}},"line":84},"7":{"name":"(anonymous_7)","decl":{"start":{"line":93,"column":66},"end":{"line":93,"column":67}},"loc":{"start":{"line":93,"column":78},"end":{"line":93,"column":108}},"line":93},"8":{"name":"(anonymous_8)","decl":{"start":{"line":95,"column":66},"end":{"line":95,"column":67}},"loc":{"start":{"line":95,"column":76},"end":{"line":95,"column":93}},"line":95},"9":{"name":"(anonymous_9)","decl":{"start":{"line":97,"column":29},"end":{"line":97,"column":30}},"loc":{"start":{"line":97,"column":35},"end":{"line":162,"column":21}},"line":97},"10":{"name":"(anonymous_10)","decl":{"start":{"line":136,"column":32},"end":{"line":136,"column":33}},"loc":{"start":{"line":136,"column":41},"end":{"line":158,"column":33}},"line":136},"11":{"name":"(anonymous_11)","decl":{"start":{"line":143,"column":46},"end":{"line":143,"column":47}},"loc":{"start":{"line":143,"column":60},"end":{"line":152,"column":47}},"line":143}},"branchMap":{"0":{"loc":{"start":{"line":105,"column":24},"end":{"line":113,"column":25}},"type":"if","locations":[{"start":{"line":105,"column":24},"end":{"line":113,"column":25}},{"start":{"line":105,"column":24},"end":{"line":113,"column":25}}],"line":105},"1":{"loc":{"start":{"line":107,"column":31},"end":{"line":113,"column":25}},"type":"if","locations":[{"start":{"line":107,"column":31},"end":{"line":113,"column":25}},{"start":{"line":107,"column":31},"end":{"line":113,"column":25}}],"line":107},"2":{"loc":{"start":{"line":109,"column":31},"end":{"line":113,"column":25}},"type":"if","locations":[{"start":{"line":109,"column":31},"end":{"line":113,"column":25}},{"start":{"line":109,"column":31},"end":{"line":113,"column":25}}],"line":109},"3":{"loc":{"start":{"line":111,"column":31},"end":{"line":113,"column":25}},"type":"if","locations":[{"start":{"line":111,"column":31},"end":{"line":113,"column":25}},{"start":{"line":111,"column":31},"end":{"line":113,"column":25}}],"line":111},"4":{"loc":{"start":{"line":115,"column":24},"end":{"line":161,"column":24}},"type":"if","locations":[{"start":{"line":115,"column":24},"end":{"line":161,"column":24}},{"start":{"line":115,"column":24},"end":{"line":161,"column":24}}],"line":115},"5":{"loc":{"start":{"line":125,"column":31},"end":{"line":161,"column":24}},"type":"if","locations":[{"start":{"line":125,"column":31},"end":{"line":161,"column":24}},{"start":{"line":125,"column":31},"end":{"line":161,"column":24}}],"line":125},"6":{"loc":{"start":{"line":137,"column":36},"end":{"line":157,"column":37}},"type":"if","locations":[{"start":{"line":137,"column":36},"end":{"line":157,"column":37}},{"start":{"line":137,"column":36},"end":{"line":157,"column":37}}],"line":137},"7":{"loc":{"start":{"line":145,"column":50},"end":{"line":151,"column":51}},"type":"if","locations":[{"start":{"line":145,"column":50},"end":{"line":151,"column":51}},{"start":{"line":145,"column":50},"end":{"line":151,"column":51}}],"line":145},"8":{"loc":{"start":{"line":147,"column":57},"end":{"line":151,"column":51}},"type":"if","locations":[{"start":{"line":147,"column":57},"end":{"line":151,"column":51}},{"start":{"line":147,"column":57},"end":{"line":151,"column":51}}],"line":147}},"s":{"0":8,"1":2,"2":2,"3":2,"4":2,"5":2,"6":2,"7":2,"8":2,"9":2,"10":2,"11":2,"12":0,"13":0,"14":0,"15":0,"16":0,"17":0,"18":0,"19":0,"20":0,"21":0,"22":0,"23":0,"24":0,"25":0,"26":0,"27":0,"28":0,"29":0,"30":0,"31":0,"32":0,"33":0,"34":0,"35":0,"36":0,"37":0,"38":0,"39":0,"40":0,"41":0,"42":0,"43":0,"44":0,"45":0,"46":0,"47":0,"48":0},"f":{"0":2,"1":0,"2":0,"3":0,"4":0,"5":0,"6":0,"7":0,"8":0,"9":0,"10":0,"11":0},"b":{"0":[0,0],"1":[0,0],"2":[0,0],"3":[0,0],"4":[0,0],"5":[0,0],"6":[0,0],"7":[0,0],"8":[0,0]},"_coverageSchema":"1a1c01bbd47fc00a2c39e90264f33305004495a9","hash":"eb945140e3ebf8ef0190949b32552cd0d6c26306"}
,"C:\\Users\\Itai\\Desktop\\Programming\\NCTRC\\NCTRC\\frontend\\screens\\HomeScreen.tsx": {"path":"C:\\Users\\Itai\\Desktop\\Programming\\NCTRC\\NCTRC\\frontend\\screens\\HomeScreen.tsx","statementMap":{"0":{"start":{"line":11,"column":61},"end":{"line":30,"column":1}},"1":{"start":{"line":12,"column":25},"end":{"line":12,"column":30}},"2":{"start":{"line":13,"column":4},"end":{"line":29,"column":6}},"3":{"start":{"line":17,"column":75},"end":{"line":17,"column":113}},"4":{"start":{"line":21,"column":75},"end":{"line":21,"column":115}},"5":{"start":{"line":26,"column":78},"end":{"line":26,"column":119}}},"fnMap":{"0":{"name":"(anonymous_0)","decl":{"start":{"line":11,"column":61},"end":{"line":11,"column":62}},"loc":{"start":{"line":11,"column":72},"end":{"line":30,"column":1}},"line":11},"1":{"name":"(anonymous_1)","decl":{"start":{"line":17,"column":69},"end":{"line":17,"column":70}},"loc":{"start":{"line":17,"column":75},"end":{"line":17,"column":113}},"line":17},"2":{"name":"(anonymous_2)","decl":{"start":{"line":21,"column":69},"end":{"line":21,"column":70}},"loc":{"start":{"line":21,"column":75},"end":{"line":21,"column":115}},"line":21},"3":{"name":"(anonymous_3)","decl":{"start":{"line":26,"column":72},"end":{"line":26,"column":73}},"loc":{"start":{"line":26,"column":78},"end":{"line":26,"column":119}},"line":26}},"branchMap":{},"s":{"0":8,"1":3,"2":3,"3":0,"4":0,"5":0},"f":{"0":3,"1":0,"2":0,"3":0},"b":{},"_coverageSchema":"1a1c01bbd47fc00a2c39e90264f33305004495a9","hash":"43494f640c705ca935840397ff49d57c1f8594b1"}
,"C:\\Users\\Itai\\Desktop\\Programming\\NCTRC\\NCTRC\\frontend\\screens\\ReasonScreen.tsx": {"path":"C:\\Users\\Itai\\Desktop\\Programming\\NCTRC\\NCTRC\\frontend\\screens\\ReasonScreen.tsx","statementMap":{"0":{"start":{"line":12,"column":65},"end":{"line":51,"column":1}},"1":{"start":{"line":13,"column":25},"end":{"line":13,"column":30}},"2":{"start":{"line":14,"column":4},"end":{"line":50,"column":6}},"3":{"start":{"line":16,"column":72},"end":{"line":16,"column":88}},"4":{"start":{"line":19,"column":69},"end":{"line":19,"column":90}},"5":{"start":{"line":24,"column":76},"end":{"line":24,"column":114}},"6":{"start":{"line":28,"column":76},"end":{"line":28,"column":114}},"7":{"start":{"line":32,"column":76},"end":{"line":32,"column":114}},"8":{"start":{"line":36,"column":76},"end":{"line":36,"column":114}},"9":{"start":{"line":40,"column":76},"end":{"line":40,"column":114}},"10":{"start":{"line":44,"column":76},"end":{"line":44,"column":114}}},"fnMap":{"0":{"name":"(anonymous_0)","decl":{"start":{"line":12,"column":65},"end":{"line":12,"column":66}},"loc":{"start":{"line":12,"column":76},"end":{"line":51,"column":1}},"line":12},"1":{"name":"(anonymous_1)","decl":{"start":{"line":16,"column":66},"end":{"line":16,"column":67}},"loc":{"start":{"line":16,"column":72},"end":{"line":16,"column":88}},"line":16},"2":{"name":"(anonymous_2)","decl":{"start":{"line":19,"column":63},"end":{"line":19,"column":64}},"loc":{"start":{"line":19,"column":69},"end":{"line":19,"column":90}},"line":19},"3":{"name":"(anonymous_3)","decl":{"start":{"line":24,"column":70},"end":{"line":24,"column":71}},"loc":{"start":{"line":24,"column":76},"end":{"line":24,"column":114}},"line":24},"4":{"name":"(anonymous_4)","decl":{"start":{"line":28,"column":70},"end":{"line":28,"column":71}},"loc":{"start":{"line":28,"column":76},"end":{"line":28,"column":114}},"line":28},"5":{"name":"(anonymous_5)","decl":{"start":{"line":32,"column":70},"end":{"line":32,"column":71}},"loc":{"start":{"line":32,"column":76},"end":{"line":32,"column":114}},"line":32},"6":{"name":"(anonymous_6)","decl":{"start":{"line":36,"column":70},"end":{"line":36,"column":71}},"loc":{"start":{"line":36,"column":76},"end":{"line":36,"column":114}},"line":36},"7":{"name":"(anonymous_7)","decl":{"start":{"line":40,"column":70},"end":{"line":40,"column":71}},"loc":{"start":{"line":40,"column":76},"end":{"line":40,"column":114}},"line":40},"8":{"name":"(anonymous_8)","decl":{"start":{"line":44,"column":70},"end":{"line":44,"column":71}},"loc":{"start":{"line":44,"column":76},"end":{"line":44,"column":114}},"line":44}},"branchMap":{},"s":{"0":8,"1":2,"2":2,"3":0,"4":0,"5":0,"6":0,"7":0,"8":0,"9":0,"10":0},"f":{"0":2,"1":0,"2":0,"3":0,"4":0,"5":0,"6":0,"7":0,"8":0},"b":{},"_coverageSchema":"1a1c01bbd47fc00a2c39e90264f33305004495a9","hash":"9c045cf86d563e7bbeb3989fbbe8acefeafc1fe0"}
,"C:\\Users\\Itai\\Desktop\\Programming\\NCTRC\\NCTRC\\frontend\\screens\\RisksScreen.tsx": {"path":"C:\\Users\\Itai\\Desktop\\Programming\\NCTRC\\NCTRC\\frontend\\screens\\RisksScreen.tsx","statementMap":{"0":{"start":{"line":22,"column":63},"end":{"line":78,"column":1}},"1":{"start":{"line":23,"column":32},"end":{"line":23,"column":37}},"2":{"start":{"line":24,"column":21},"end":{"line":24,"column":26}},"3":{"start":{"line":25,"column":54},"end":{"line":25,"column":60}},"4":{"start":{"line":27,"column":4},"end":{"line":77,"column":6}},"5":{"start":{"line":29,"column":72},"end":{"line":29,"column":88}},"6":{"start":{"line":32,"column":69},"end":{"line":32,"column":90}},"7":{"start":{"line":49,"column":84},"end":{"line":57,"column":27}},"8":{"start":{"line":58,"column":24},"end":{"line":68,"column":31}},"9":{"start":{"line":60,"column":32},"end":{"line":60,"column":54}},"10":{"start":{"line":61,"column":32},"end":{"line":67,"column":33}},"11":{"start":{"line":62,"column":34},"end":{"line":62,"column":80}},"12":{"start":{"line":63,"column":39},"end":{"line":67,"column":33}},"13":{"start":{"line":64,"column":36},"end":{"line":64,"column":137}},"14":{"start":{"line":66,"column":34},"end":{"line":66,"column":134}}},"fnMap":{"0":{"name":"(anonymous_0)","decl":{"start":{"line":22,"column":63},"end":{"line":22,"column":64}},"loc":{"start":{"line":22,"column":74},"end":{"line":78,"column":1}},"line":22},"1":{"name":"(anonymous_1)","decl":{"start":{"line":29,"column":66},"end":{"line":29,"column":67}},"loc":{"start":{"line":29,"column":72},"end":{"line":29,"column":88}},"line":29},"2":{"name":"(anonymous_2)","decl":{"start":{"line":32,"column":63},"end":{"line":32,"column":64}},"loc":{"start":{"line":32,"column":69},"end":{"line":32,"column":90}},"line":32},"3":{"name":"(anonymous_3)","decl":{"start":{"line":48,"column":29},"end":{"line":48,"column":30}},"loc":{"start":{"line":48,"column":35},"end":{"line":69,"column":21}},"line":48},"4":{"name":"(anonymous_4)","decl":{"start":{"line":59,"column":28},"end":{"line":59,"column":29}},"loc":{"start":{"line":59,"column":42},"end":{"line":68,"column":29}},"line":59}},"branchMap":{"0":{"loc":{"start":{"line":61,"column":32},"end":{"line":67,"column":33}},"type":"if","locations":[{"start":{"line":61,"column":32},"end":{"line":67,"column":33}},{"start":{"line":61,"column":32},"end":{"line":67,"column":33}}],"line":61},"1":{"loc":{"start":{"line":63,"column":39},"end":{"line":67,"column":33}},"type":"if","locations":[{"start":{"line":63,"column":39},"end":{"line":67,"column":33}},{"start":{"line":63,"column":39},"end":{"line":67,"column":33}}],"line":63}},"s":{"0":8,"1":2,"2":2,"3":2,"4":2,"5":0,"6":0,"7":0,"8":0,"9":0,"10":0,"11":0,"12":0,"13":0,"14":0},"f":{"0":2,"1":0,"2":0,"3":0,"4":0},"b":{"0":[0,0],"1":[0,0]},"_coverageSchema":"1a1c01bbd47fc00a2c39e90264f33305004495a9","hash":"09d07af4ed6e91701447d5b6bab9894a8b91da37"}
,"C:\\Users\\Itai\\Desktop\\Programming\\NCTRC\\NCTRC\\frontend\\screens\\SignInLandingScreen.tsx": {"path":"C:\\Users\\Itai\\Desktop\\Programming\\NCTRC\\NCTRC\\frontend\\screens\\SignInLandingScreen.tsx","statementMap":{"0":{"start":{"line":13,"column":79},"end":{"line":35,"column":1}},"1":{"start":{"line":14,"column":25},"end":{"line":14,"column":30}},"2":{"start":{"line":15,"column":4},"end":{"line":34,"column":6}},"3":{"start":{"line":17,"column":72},"end":{"line":17,"column":88}},"4":{"start":{"line":20,"column":69},"end":{"line":20,"column":90}},"5":{"start":{"line":26,"column":75},"end":{"line":26,"column":96}}},"fnMap":{"0":{"name":"(anonymous_0)","decl":{"start":{"line":13,"column":79},"end":{"line":13,"column":80}},"loc":{"start":{"line":13,"column":90},"end":{"line":35,"column":1}},"line":13},"1":{"name":"(anonymous_1)","decl":{"start":{"line":17,"column":66},"end":{"line":17,"column":67}},"loc":{"start":{"line":17,"column":72},"end":{"line":17,"column":88}},"line":17},"2":{"name":"(anonymous_2)","decl":{"start":{"line":20,"column":63},"end":{"line":20,"column":64}},"loc":{"start":{"line":20,"column":69},"end":{"line":20,"column":90}},"line":20},"3":{"name":"(anonymous_3)","decl":{"start":{"line":26,"column":69},"end":{"line":26,"column":70}},"loc":{"start":{"line":26,"column":75},"end":{"line":26,"column":96}},"line":26}},"branchMap":{},"s":{"0":8,"1":2,"2":2,"3":0,"4":0,"5":0},"f":{"0":2,"1":0,"2":0,"3":0},"b":{},"_coverageSchema":"1a1c01bbd47fc00a2c39e90264f33305004495a9","hash":"1575fc8e8cbf3247b0ecd3a0aafadec74427c91c"}
,"C:\\Users\\Itai\\Desktop\\Programming\\NCTRC\\NCTRC\\frontend\\screens\\SignInScreen.tsx": {"path":"C:\\Users\\Itai\\Desktop\\Programming\\NCTRC\\NCTRC\\frontend\\screens\\SignInScreen.tsx","statementMap":{"0":{"start":{"line":13,"column":65},"end":{"line":37,"column":1}},"1":{"start":{"line":14,"column":25},"end":{"line":14,"column":30}},"2":{"start":{"line":15,"column":36},"end":{"line":15,"column":48}},"3":{"start":{"line":16,"column":34},"end":{"line":16,"column":46}},"4":{"start":{"line":17,"column":28},"end":{"line":17,"column":40}},"5":{"start":{"line":18,"column":4},"end":{"line":36,"column":6}},"6":{"start":{"line":20,"column":72},"end":{"line":20,"column":88}},"7":{"start":{"line":23,"column":69},"end":{"line":23,"column":90}},"8":{"start":{"line":27,"column":94},"end":{"line":27,"column":112}},"9":{"start":{"line":28,"column":93},"end":{"line":28,"column":110}},"10":{"start":{"line":29,"column":90},"end":{"line":29,"column":104}},"11":{"start":{"line":30,"column":75},"end":{"line":30,"column":183}}},"fnMap":{"0":{"name":"(anonymous_0)","decl":{"start":{"line":13,"column":65},"end":{"line":13,"column":66}},"loc":{"start":{"line":13,"column":76},"end":{"line":37,"column":1}},"line":13},"1":{"name":"(anonymous_1)","decl":{"start":{"line":20,"column":66},"end":{"line":20,"column":67}},"loc":{"start":{"line":20,"column":72},"end":{"line":20,"column":88}},"line":20},"2":{"name":"(anonymous_2)","decl":{"start":{"line":23,"column":63},"end":{"line":23,"column":64}},"loc":{"start":{"line":23,"column":69},"end":{"line":23,"column":90}},"line":23},"3":{"name":"(anonymous_3)","decl":{"start":{"line":27,"column":84},"end":{"line":27,"column":85}},"loc":{"start":{"line":27,"column":94},"end":{"line":27,"column":112}},"line":27},"4":{"name":"(anonymous_4)","decl":{"start":{"line":28,"column":83},"end":{"line":28,"column":84}},"loc":{"start":{"line":28,"column":93},"end":{"line":28,"column":110}},"line":28},"5":{"name":"(anonymous_5)","decl":{"start":{"line":29,"column":80},"end":{"line":29,"column":81}},"loc":{"start":{"line":29,"column":90},"end":{"line":29,"column":104}},"line":29},"6":{"name":"(anonymous_6)","decl":{"start":{"line":30,"column":69},"end":{"line":30,"column":70}},"loc":{"start":{"line":30,"column":75},"end":{"line":30,"column":183}},"line":30}},"branchMap":{},"s":{"0":8,"1":2,"2":2,"3":2,"4":2,"5":2,"6":0,"7":0,"8":0,"9":0,"10":0,"11":0},"f":{"0":2,"1":0,"2":0,"3":0,"4":0,"5":0,"6":0},"b":{},"_coverageSchema":"1a1c01bbd47fc00a2c39e90264f33305004495a9","hash":"fda51619a758201ad35648c19d6304beca84d469"}
,"C:\\Users\\Itai\\Desktop\\Programming\\NCTRC\\NCTRC\\frontend\\screens\\Styles.tsx": {"path":"C:\\Users\\Itai\\Desktop\\Programming\\NCTRC\\NCTRC\\frontend\\screens\\Styles.tsx","statementMap":{"0":{"start":{"line":4,"column":22},"end":{"line":129,"column":2}}},"fnMap":{},"branchMap":{},"s":{"0":8},"f":{},"b":{},"_coverageSchema":"1a1c01bbd47fc00a2c39e90264f33305004495a9","hash":"2463631737b33c3fdb022e5dc66453a160f29e55"}
}
